<?xml version="1.0" encoding="UTF-8"?>
<!-- Generated by org.testng.reporters.JUnitReportReporter -->
<testsuite hostname="DESKTOP-DV3IP41" failures="0" tests="1" name="demoFirefoxOptions" time="23.384" errors="0" timestamp="2021-06-22T17:24:05 IST" skipped="0">
  <testcase classname="demoFirefoxOptions" name="openApp" time="23.384"/>
  <system-out/>
</testsuite> <!-- demoFirefoxOptions -->
