<?xml version="1.0" encoding="UTF-8"?>
<!-- Generated by org.testng.reporters.JUnitReportReporter -->
<testsuite hostname="DESKTOP-DV3IP41" failures="0" tests="1" name="demoFluentWait" time="9.895" errors="0" timestamp="2021-07-15T18:41:14 IST" skipped="0">
  <testcase classname="demoFluentWait" name="fluentMethodExample" time="9.895"/>
  <system-out/>
</testsuite> <!-- demoFluentWait -->
