<?xml version="1.0" encoding="UTF-8"?>
<!-- Generated by org.testng.reporters.JUnitReportReporter -->
<testsuite hostname="DESKTOP-DV3IP41" failures="0" tests="1" name="demoNewTab" time="24.627" errors="0" timestamp="2021-06-20T14:03:15 IST" skipped="0">
  <testcase classname="demoNewTab" name="openApp" time="24.627"/>
  <system-out/>
</testsuite> <!-- demoNewTab -->
