<?xml version="1.0" encoding="UTF-8"?>
<!-- Generated by org.testng.reporters.JUnitReportReporter -->
<testsuite hostname="DESKTOP-DV3IP41" failures="0" tests="1" name="demoSeleniumGridHubAndNodeonDockerComposeFirefox" time="68.529" errors="0" timestamp="2021-08-19T14:23:18 IST" skipped="0">
  <testcase classname="demoSeleniumGridHubAndNodeonDockerComposeFirefox" name="launchApplication" time="68.529"/>
  <system-out/>
</testsuite> <!-- demoSeleniumGridHubAndNodeonDockerComposeFirefox -->
