<?xml version="1.0" encoding="UTF-8"?>
<!-- Generated by org.testng.reporters.JUnitReportReporter -->
<testsuite hostname="DESKTOP-DV3IP41" failures="0" tests="1" name="demoSeleniumGridHubAndNodeChrome" time="19.487" errors="0" timestamp="2021-07-27T15:05:59 IST" skipped="0">
  <testcase classname="demoSeleniumGridHubAndNodeChrome" name="launchApplication" time="19.487"/>
  <system-out/>
</testsuite> <!-- demoSeleniumGridHubAndNodeChrome -->
