<?xml version="1.0" encoding="UTF-8"?>
<!-- Generated by org.testng.reporters.JUnitReportReporter -->
<testsuite hostname="DESKTOP-DV3IP41" failures="0" tests="1" name="demoChromeOptions" time="17.177" errors="0" timestamp="2021-06-22T17:27:07 IST" skipped="0">
  <testcase classname="demoChromeOptions" name="openApp" time="17.177"/>
  <system-out/>
</testsuite> <!-- demoChromeOptions -->
