<?xml version="1.0" encoding="UTF-8"?>
<!-- Generated by org.testng.reporters.JUnitReportReporter -->
<testsuite hostname="DESKTOP-DV3IP41" failures="0" tests="1" name="demoW3C" time="27.677" errors="0" timestamp="2021-06-20T14:00:29 IST" skipped="0">
  <testcase classname="demoW3C" name="openApp" time="27.677"/>
  <system-out/>
</testsuite> <!-- demoW3C -->
