<?xml version="1.0" encoding="UTF-8"?>
<!-- Generated by org.testng.reporters.JUnitReportReporter -->
<testsuite hostname="DESKTOP-DV3IP41" failures="0" tests="1" name="demoSeleniumGridHubAndNode" time="13.579" errors="0" timestamp="2021-07-27T14:19:34 IST" skipped="0">
  <testcase classname="demoSeleniumGridHubAndNode" name="launchApplication" time="13.579"/>
  <system-out/>
</testsuite> <!-- demoSeleniumGridHubAndNode -->
