<?xml version="1.0" encoding="UTF-8"?>
<!-- Generated by org.testng.reporters.JUnitReportReporter -->
<testsuite hostname="DESKTOP-DV3IP41" failures="0" tests="1" name="demoGeoLocation" time="14.578" errors="0" timestamp="2021-07-20T20:10:39 IST" skipped="0">
  <testcase classname="demoGeoLocation" name="findPumaStore" time="14.578"/>
  <system-out/>
</testsuite> <!-- demoGeoLocation -->
