<?xml version="1.0" encoding="UTF-8"?>
<!-- Generated by org.testng.reporters.JUnitReportReporter -->
<testsuite hostname="DESKTOP-DV3IP41" failures="0" tests="1" name="handlingMultipleWindows" time="34.449" errors="0" timestamp="2021-06-20T14:15:08 IST" skipped="0">
  <testcase classname="handlingMultipleWindows" name="openApp" time="34.449"/>
  <system-out/>
</testsuite> <!-- handlingMultipleWindows -->
