<?xml version="1.0" encoding="UTF-8"?>
<!-- Generated by org.testng.reporters.JUnitReportReporter -->
<testsuite hostname="DESKTOP-DV3IP41" failures="0" tests="1" name="demoCaptureScreenshot" time="11.880" errors="0" timestamp="2021-07-12T18:22:48 IST" skipped="0">
  <testcase classname="demoCaptureScreenshot" name="openApp" time="11.880"/>
  <system-out/>
</testsuite> <!-- demoCaptureScreenshot -->
