<?xml version="1.0" encoding="UTF-8"?>
<!-- Generated by org.testng.reporters.JUnitReportReporter -->
<testsuite hostname="DESKTOP-DV3IP41" failures="0" tests="1" name="demoCaptureScreenshotElement" time="10.906" errors="0" timestamp="2021-07-12T18:18:26 IST" skipped="0">
  <testcase classname="demoCaptureScreenshotElement" name="openApp" time="10.906"/>
  <system-out/>
</testsuite> <!-- demoCaptureScreenshotElement -->
