<?xml version="1.0" encoding="UTF-8"?>
<!-- Generated by org.testng.reporters.JUnitReportReporter -->
<testsuite hostname="DESKTOP-DV3IP41" failures="0" tests="1" name="demoClickAndContextClick" time="9.035" errors="0" timestamp="2021-06-22T16:53:39 IST" skipped="0">
  <testcase classname="demoClickAndContextClick" name="openApp" time="9.035"/>
  <system-out/>
</testsuite> <!-- demoClickAndContextClick -->
