<?xml version="1.0" encoding="UTF-8"?>
<!-- Generated by org.testng.reporters.JUnitReportReporter -->
<testsuite hostname="DESKTOP-DV3IP41" failures="0" tests="1" name="demoSeleniumGridHubAndNodeonDockerChrome" time="68.312" errors="0" timestamp="2021-08-19T14:19:05 IST" skipped="0">
  <testcase classname="demoSeleniumGridHubAndNodeonDockerChrome" name="launchApplication" time="68.312"/>
  <system-out/>
</testsuite> <!-- demoSeleniumGridHubAndNodeonDockerChrome -->
