<?xml version="1.0" encoding="UTF-8"?>
<!-- Generated by org.testng.reporters.JUnitReportReporter -->
<testsuite hostname="DESKTOP-DV3IP41" failures="0" tests="1" name="demoRelativeLocators" time="9.355" errors="0" timestamp="2021-06-10T20:14:29 IST" skipped="0">
  <testcase classname="demoRelativeLocators" name="openApp" time="9.355"/>
  <system-out/>
</testsuite> <!-- demoRelativeLocators -->
