<?xml version="1.0" encoding="UTF-8"?>
<!-- Generated by org.testng.reporters.JUnitReportReporter -->
<testsuite hostname="DESKTOP-DV3IP41" failures="0" tests="1" name="demoSeleniumGridHubAndNodeFirefox" time="10.959" errors="0" timestamp="2021-07-27T15:05:59 IST" skipped="0">
  <testcase classname="demoSeleniumGridHubAndNodeFirefox" name="launchApplication" time="10.959"/>
  <system-out/>
</testsuite> <!-- demoSeleniumGridHubAndNodeFirefox -->
